{
  "RSpec": {
    "coverage": {
      "/home/glamorous-subprogram-7841/tic-tac-toe-rb-online-web-sp-000/lib/tic_tac_toe.rb": [
        null,
        1,
        null,
        null,
        null,
        null,
        null,
        null,
        null,
        null,
        null,
        1,
        23,
        23,
        23,
        23,
        23,
        null,
        null,
        null,
        1,
        39,
        null,
        null,
        1,
        20,
        null,
        null,
        1,
        23,
        20,
        null,
        3,
        null,
        null,
        null,
        1,
        21,
        18,
        null,
        3,
        null,
        null,
        null,
        1,
        18,
        18,
        18,
        18,
        18,
        1,
        null,
        17,
        null,
        18,
        null,
        null,
        1,
        19,
        19,
        171,
        30,
        null,
        null,
        19,
        null,
        null,
        1,
        18,
        13,
        null,
        5,
        null,
        null,
        null,
        1,
        108,
        null,
        1798,
        29,
        1476,
        12,
        null,
        null,
        67,
        null,
        null,
        1,
        44,
        183,
        null,
        null,
        null,
        1,
        54,
        null,
        null,
        1,
        19,
        null,
        null,
        1,
        7,
        null,
        6,
        4,
        2,
        2,
        null,
        null,
        null,
        1,
        12,
        15,
        null,
        12,
        5,
        null,
        12,
        3,
        null,
        null
      ]
    },
    "timestamp": 1581492351
  }
}
